::1 - - [25/Feb/2019:06:27:46 +0000] "GET /user/add HTTP/1.1" 200 159 "-" "Mozilla/5.0 (Macintosh; Intel Mac OS X 10_14_1) AppleWebKit/537.36 (KHTML, like Gecko) Chrome/72.0.3626.109 Safari/537.36"
::1 - - [25/Feb/2019:06:28:12 +0000] "GET /user/add HTTP/1.1" 200 159 "-" "Mozilla/5.0 (Macintosh; Intel Mac OS X 10_14_1) AppleWebKit/537.36 (KHTML, like Gecko) Chrome/72.0.3626.109 Safari/537.36"
::1 - - [25/Feb/2019:06:28:54 +0000] "GET /user/add1 HTTP/1.1" 404 49 "-" "Mozilla/5.0 (Macintosh; Intel Mac OS X 10_14_1) AppleWebKit/537.36 (KHTML, like Gecko) Chrome/72.0.3626.109 Safari/537.36"
::1 - - [25/Feb/2019:06:31:32 +0000] "GET /user/add1 HTTP/1.1" - - "-" "Mozilla/5.0 (Macintosh; Intel Mac OS X 10_14_1) AppleWebKit/537.36 (KHTML, like Gecko) Chrome/72.0.3626.109 Safari/537.36"
::1 - - [25/Feb/2019:06:51:13 +0000] "GET /user/add1 HTTP/1.1" 200 66 "-" "Mozilla/5.0 (Macintosh; Intel Mac OS X 10_14_1) AppleWebKit/537.36 (KHTML, like Gecko) Chrome/72.0.3626.109 Safari/537.36"
::1 - - [25/Feb/2019:06:55:48 +0000] "GET /user/add1 HTTP/1.1" - - "-" "Mozilla/5.0 (Macintosh; Intel Mac OS X 10_14_1) AppleWebKit/537.36 (KHTML, like Gecko) Chrome/72.0.3626.109 Safari/537.36"
::1 - - [25/Feb/2019:07:23:51 +0000] "GET /user/add1 HTTP/1.1" - - "-" "Mozilla/5.0 (Macintosh; Intel Mac OS X 10_14_1) AppleWebKit/537.36 (KHTML, like Gecko) Chrome/72.0.3626.109 Safari/537.36"
::1 - - [25/Feb/2019:07:44:52 +0000] "POST /user/createUser HTTP/1.1" 200 50 "-" "Mozilla/5.0 (Macintosh; Intel Mac OS X 10_14_1) AppleWebKit/537.36 (KHTML, like Gecko) Chrome/72.0.3626.109 Safari/537.36"
::1 - - [25/Feb/2019:07:45:52 +0000] "POST /user/createUser HTTP/1.1" 200 50 "-" "Mozilla/5.0 (Macintosh; Intel Mac OS X 10_14_1) AppleWebKit/537.36 (KHTML, like Gecko) Chrome/72.0.3626.109 Safari/537.36"
::1 - - [25/Feb/2019:07:46:41 +0000] "POST /user/createUser HTTP/1.1" 200 50 "-" "Mozilla/5.0 (Macintosh; Intel Mac OS X 10_14_1) AppleWebKit/537.36 (KHTML, like Gecko) Chrome/72.0.3626.109 Safari/537.36"
::1 - - [25/Feb/2019:07:47:11 +0000] "POST /user/createUser HTTP/1.1" 200 50 "-" "Mozilla/5.0 (Macintosh; Intel Mac OS X 10_14_1) AppleWebKit/537.36 (KHTML, like Gecko) Chrome/72.0.3626.109 Safari/537.36"
::1 - - [25/Feb/2019:07:47:50 +0000] "POST /user/createUser HTTP/1.1" 200 50 "-" "Mozilla/5.0 (Macintosh; Intel Mac OS X 10_14_1) AppleWebKit/537.36 (KHTML, like Gecko) Chrome/72.0.3626.109 Safari/537.36"
::1 - - [25/Feb/2019:07:57:28 +0000] "POST /user/createUser HTTP/1.1" - - "-" "Mozilla/5.0 (Macintosh; Intel Mac OS X 10_14_1) AppleWebKit/537.36 (KHTML, like Gecko) Chrome/72.0.3626.109 Safari/537.36"
::1 - - [25/Feb/2019:08:03:23 +0000] "POST /user/createUser HTTP/1.1" - - "-" "Mozilla/5.0 (Macintosh; Intel Mac OS X 10_14_1) AppleWebKit/537.36 (KHTML, like Gecko) Chrome/72.0.3626.109 Safari/537.36"
::1 - - [25/Feb/2019:08:06:18 +0000] "POST /user/createUser HTTP/1.1" - - "-" "Mozilla/5.0 (Macintosh; Intel Mac OS X 10_14_1) AppleWebKit/537.36 (KHTML, like Gecko) Chrome/72.0.3626.109 Safari/537.36"
::1 - - [25/Feb/2019:08:07:43 +0000] "POST /user/createUser HTTP/1.1" 200 50 "-" "Mozilla/5.0 (Macintosh; Intel Mac OS X 10_14_1) AppleWebKit/537.36 (KHTML, like Gecko) Chrome/72.0.3626.109 Safari/537.36"
::1 - - [25/Feb/2019:08:07:55 +0000] "POST /user/createUser HTTP/1.1" 200 50 "-" "Mozilla/5.0 (Macintosh; Intel Mac OS X 10_14_1) AppleWebKit/537.36 (KHTML, like Gecko) Chrome/72.0.3626.109 Safari/537.36"
::1 - - [25/Feb/2019:08:08:21 +0000] "POST /user/createUser HTTP/1.1" 200 50 "-" "Mozilla/5.0 (Macintosh; Intel Mac OS X 10_14_1) AppleWebKit/537.36 (KHTML, like Gecko) Chrome/72.0.3626.109 Safari/537.36"
::1 - - [25/Feb/2019:08:08:59 +0000] "POST /user/createUser HTTP/1.1" 200 268 "-" "Mozilla/5.0 (Macintosh; Intel Mac OS X 10_14_1) AppleWebKit/537.36 (KHTML, like Gecko) Chrome/72.0.3626.109 Safari/537.36"
::1 - - [25/Feb/2019:08:14:51 +0000] "POST /user/createUser HTTP/1.1" 200 266 "-" "Mozilla/5.0 (Macintosh; Intel Mac OS X 10_14_1) AppleWebKit/537.36 (KHTML, like Gecko) Chrome/72.0.3626.109 Safari/537.36"
::1 - - [25/Feb/2019:08:25:50 +0000] "POST /login HTTP/1.1" 200 53 "-" "Mozilla/5.0 (Macintosh; Intel Mac OS X 10_14_1) AppleWebKit/537.36 (KHTML, like Gecko) Chrome/72.0.3626.109 Safari/537.36"
::1 - - [25/Feb/2019:09:05:48 +0000] "POST /login HTTP/1.1" 200 230 "-" "Mozilla/5.0 (Macintosh; Intel Mac OS X 10_14_1) AppleWebKit/537.36 (KHTML, like Gecko) Chrome/72.0.3626.109 Safari/537.36"
::1 - - [25/Feb/2019:09:07:33 +0000] "POST /login HTTP/1.1" 200 450 "-" "Mozilla/5.0 (Macintosh; Intel Mac OS X 10_14_1) AppleWebKit/537.36 (KHTML, like Gecko) Chrome/72.0.3626.109 Safari/537.36"
::1 - - [25/Feb/2019:09:21:46 +0000] "POST /login HTTP/1.1" 500 63 "-" "Mozilla/5.0 (Macintosh; Intel Mac OS X 10_14_1) AppleWebKit/537.36 (KHTML, like Gecko) Chrome/72.0.3626.109 Safari/537.36"
::1 - - [25/Feb/2019:09:30:28 +0000] "POST /login HTTP/1.1" 200 516 "-" "Mozilla/5.0 (Macintosh; Intel Mac OS X 10_14_1) AppleWebKit/537.36 (KHTML, like Gecko) Chrome/72.0.3626.109 Safari/537.36"
::1 - - [25/Feb/2019:09:44:44 +0000] "POST /login/testFind HTTP/1.1" 404 49 "-" "Mozilla/5.0 (Macintosh; Intel Mac OS X 10_14_1) AppleWebKit/537.36 (KHTML, like Gecko) Chrome/72.0.3626.109 Safari/537.36"
::1 - - [25/Feb/2019:09:45:21 +0000] "GET /login/testFind HTTP/1.1" 401 42 "-" "Mozilla/5.0 (Macintosh; Intel Mac OS X 10_14_1) AppleWebKit/537.36 (KHTML, like Gecko) Chrome/72.0.3626.109 Safari/537.36"
::1 - - [25/Feb/2019:09:45:33 +0000] "GET /login/testFind HTTP/1.1" 200 482 "-" "Mozilla/5.0 (Macintosh; Intel Mac OS X 10_14_1) AppleWebKit/537.36 (KHTML, like Gecko) Chrome/72.0.3626.109 Safari/537.36"
::1 - - [25/Feb/2019:09:45:43 +0000] "GET /login/testFind HTTP/1.1" 401 42 "-" "Mozilla/5.0 (Macintosh; Intel Mac OS X 10_14_1) AppleWebKit/537.36 (KHTML, like Gecko) Chrome/72.0.3626.109 Safari/537.36"
::1 - - [25/Feb/2019:09:46:23 +0000] "GET /login/get-user HTTP/1.1" 404 49 "-" "Mozilla/5.0 (Macintosh; Intel Mac OS X 10_14_1) AppleWebKit/537.36 (KHTML, like Gecko) Chrome/72.0.3626.109 Safari/537.36"
::1 - - [25/Feb/2019:09:46:28 +0000] "GET /login/get-user HTTP/1.1" 401 42 "-" "Mozilla/5.0 (Macintosh; Intel Mac OS X 10_14_1) AppleWebKit/537.36 (KHTML, like Gecko) Chrome/72.0.3626.109 Safari/537.36"
::1 - - [25/Feb/2019:09:46:38 +0000] "GET /login/get-user HTTP/1.1" 401 42 "-" "Mozilla/5.0 (Macintosh; Intel Mac OS X 10_14_1) AppleWebKit/537.36 (KHTML, like Gecko) Chrome/72.0.3626.109 Safari/537.36"
::1 - - [25/Feb/2019:09:46:44 +0000] "GET /login/get-user HTTP/1.1" 200 482 "-" "Mozilla/5.0 (Macintosh; Intel Mac OS X 10_14_1) AppleWebKit/537.36 (KHTML, like Gecko) Chrome/72.0.3626.109 Safari/537.36"
::1 - - [25/Feb/2019:09:46:54 +0000] "GET /login/get-user HTTP/1.1" 401 42 "-" "Mozilla/5.0 (Macintosh; Intel Mac OS X 10_14_1) AppleWebKit/537.36 (KHTML, like Gecko) Chrome/72.0.3626.109 Safari/537.36"
::1 - - [25/Feb/2019:09:47:00 +0000] "GET /login/get-user HTTP/1.1" 200 482 "-" "Mozilla/5.0 (Macintosh; Intel Mac OS X 10_14_1) AppleWebKit/537.36 (KHTML, like Gecko) Chrome/72.0.3626.109 Safari/537.36"
